<?xml version="1.0" encoding="UTF-8"?>
<!-- Generated by org.testng.reporters.JUnitReportReporter -->
<testsuite hostname="DESKTOP-45LN0VS" failures="0" tests="1" name="myTestRunner.TestRunner" time="75.958" errors="0" timestamp="2023-04-17T19:26:35 IST" skipped="0">
  <testcase classname="myTestRunner.TestRunner" name="runScenario" time="75.958"/>
  <system-out/>
</testsuite> <!-- myTestRunner.TestRunner -->
